2025-11-26 11:00:37 - Request: 
2025-11-26 11:00:37 - Request: 
2025-11-26 11:00:48 - Request: 
2025-11-26 11:02:11 - Request: 
2025-11-26 11:02:11 - Request: 
2025-11-26 11:02:19 - Request: 
2025-11-26 11:02:30 - Script started
Request method: GET
2025-11-26 11:02:35 - Script started
Request method: GET
2025-11-26 11:03:05 - Script started
Request method: GET
2025-11-26 11:03:26 - Script started
Request method: GET
2025-11-26 11:15:20 - Script started
Request method: GET
2025-11-26 11:15:34 - Script started
Request method: POST
POST data: Array
(
    [Email] => edikyazikov1@gmail.com
    [Password] => 12345678
)

Login successful, residentId: 3
