2025-11-26 10:48:13 - Script started
No POST data
2025-11-26 10:48:31 - Script started
No POST data
2025-11-26 10:48:32 - Script started
No POST data
2025-11-26 10:49:21 - Script started
No POST data
2025-11-26 10:49:29 - Script started
No POST data
2025-11-26 10:49:35 - Script started
No POST data
2025-11-26 10:49:37 - Script started
No POST data
2025-11-26 10:52:45 - Script started
No POST data
2025-11-26 10:52:45 - Script started
No POST data
2025-11-26 10:53:43 - Script started
POST data: Array
(
    [Email] => edikyazikov1@gmail.com
    [Password] => 12345678
)

2025-11-26 10:53:43 - Script started
No POST data
2025-11-26 10:57:00 - Script started
No POST data
2025-11-26 10:57:04 - Script started
No POST data
